<?xml version="1.0" encoding="UTF-8"?>
<testsuite hostname="iham12649.config" name="org.andreacaldera.rockpaperscissors.AppTest" tests="22" failures="0" timestamp="23 Sep 2012 21:21:51 GMT" time="0.195" errors="0">
  <testcase name="shouldFailWithTooManyParams" time="0.0070" classname="org.andreacaldera.rockpaperscissors.AppTest"/>
  <testcase name="shouldIgnoreInvalidParam" time="0.113" classname="org.andreacaldera.rockpaperscissors.AppTest"/>
  <testcase name="shouldRunAutoMode" time="0.0090" classname="org.andreacaldera.rockpaperscissors.AppTest"/>
  <testcase name="shouldRunHelp" time="0.0" classname="org.andreacaldera.rockpaperscissors.AppTest"/>
  <testcase name="shouldRunMain" time="0.0070" classname="org.andreacaldera.rockpaperscissors.AppTest"/>
  <testcase name="shouldRunSheldonMode" time="0.012" classname="org.andreacaldera.rockpaperscissors.AppTest"/>
  <testcase name="beforeClass" time="0.0090" classname="org.andreacaldera.rockpaperscissors.AutoPlayerTest"/>
  <testcase name="shouldRun" time="0.0" classname="org.andreacaldera.rockpaperscissors.AutoPlayerTest"/>
  <testcase name="rockShouldBeatScissors" time="0.0020" classname="org.andreacaldera.rockpaperscissors.GameEngineTest"/>
  <testcase name="shouldFailWithFirstWeaponNull" time="0.0" classname="org.andreacaldera.rockpaperscissors.GameEngineTest"/>
  <testcase name="shouldFailWithInvalidWeapon" time="0.0010" classname="org.andreacaldera.rockpaperscissors.GameEngineTest"/>
  <testcase name="shouldFailWithSecondWeaponNull" time="0.0010" classname="org.andreacaldera.rockpaperscissors.GameEngineTest"/>
  <testcase name="shouldNotReturnEqualsTrueAndSameHashCodeWithWinner" time="0.0" classname="org.andreacaldera.rockpaperscissors.data.GameResultTest"/>
  <testcase name="shouldNotReturnEqualsTrueAndSameHashCodeWithoutWinner" time="0.0010" classname="org.andreacaldera.rockpaperscissors.data.GameResultTest"/>
  <testcase name="shouldReturnEqualsTrueAndSameHashCodeWithWinner" time="0.0" classname="org.andreacaldera.rockpaperscissors.data.GameResultTest"/>
  <testcase name="shouldReturnEqualsTrueAndSameHashCodeWithoutWinner" time="0.0" classname="org.andreacaldera.rockpaperscissors.data.GameResultTest"/>
  <testcase name="shouldReturnEven" time="0.0" classname="org.andreacaldera.rockpaperscissors.data.GameResultTest"/>
  <testcase name="shouldReturnWinner" time="0.0" classname="org.andreacaldera.rockpaperscissors.data.GameResultTest"/>
  <testcase name="shouldThrowExceptionWithEmptyMessage" time="0.0" classname="org.andreacaldera.rockpaperscissors.data.GameResultTest"/>
  <testcase name="shouldThrowExceptionWithNullMessage" time="0.0010" classname="org.andreacaldera.rockpaperscissors.data.GameResultTest"/>
  <testcase name="shouldCreateExceptionWithException" time="0.0020" classname="org.andreacaldera.rockpaperscissors.exception.GameExceptionTest"/>
  <testcase name="shouldCreateExceptionWithMessage" time="0.0" classname="org.andreacaldera.rockpaperscissors.exception.GameExceptionTest"/>
</testsuite>
