<?xml version="1.0" encoding="UTF-8" ?>
<testsuite failures="0" time="2.266" errors="0" skipped="0" tests="22" name="TestSuite">
  <properties>
[...]
</properties>
  <testcase time="0.006" classname="org.andreacaldera.rockpaperscissors.AppTest" name="shouldFailWithTooManyParams"/>
  <testcase time="0.113" classname="org.andreacaldera.rockpaperscissors.AppTest" name="shouldIgnoreInvalidParam"/>
  <testcase time="0.009" classname="org.andreacaldera.rockpaperscissors.AppTest" name="shouldRunAutoMode"/>
  <testcase time="0" classname="org.andreacaldera.rockpaperscissors.AppTest" name="shouldRunHelp"/>
  <testcase time="0.007" classname="org.andreacaldera.rockpaperscissors.AppTest" name="shouldRunMain"/>
  <testcase time="0.012" classname="org.andreacaldera.rockpaperscissors.AppTest" name="shouldRunSheldonMode"/>
  <testcase time="0.009" classname="org.andreacaldera.rockpaperscissors.AutoPlayerTest" name="beforeClass"/>
  <testcase time="0" classname="org.andreacaldera.rockpaperscissors.AutoPlayerTest" name="shouldRun"/>
  <testcase time="0.002" classname="org.andreacaldera.rockpaperscissors.GameEngineTest" name="rockShouldBeatScissors"/>
  <testcase time="0" classname="org.andreacaldera.rockpaperscissors.GameEngineTest" name="shouldFailWithFirstWeaponNull"/>
  <testcase time="0.001" classname="org.andreacaldera.rockpaperscissors.GameEngineTest" name="shouldFailWithInvalidWeapon"/>
  <testcase time="0.001" classname="org.andreacaldera.rockpaperscissors.GameEngineTest" name="shouldFailWithSecondWeaponNull"/>
  <testcase time="0" classname="org.andreacaldera.rockpaperscissors.data.GameResultTest" name="shouldNotReturnEqualsTrueAndSameHashCodeWithWinner"/>
  <testcase time="0.001" classname="org.andreacaldera.rockpaperscissors.data.GameResultTest" name="shouldNotReturnEqualsTrueAndSameHashCodeWithoutWinner"/>
  <testcase time="0" classname="org.andreacaldera.rockpaperscissors.data.GameResultTest" name="shouldReturnEqualsTrueAndSameHashCodeWithWinner"/>
  <testcase time="0.001" classname="org.andreacaldera.rockpaperscissors.data.GameResultTest" name="shouldReturnEqualsTrueAndSameHashCodeWithoutWinner"/>
  <testcase time="0" classname="org.andreacaldera.rockpaperscissors.data.GameResultTest" name="shouldReturnEven"/>
  <testcase time="0" classname="org.andreacaldera.rockpaperscissors.data.GameResultTest" name="shouldReturnWinner"/>
  <testcase time="0" classname="org.andreacaldera.rockpaperscissors.data.GameResultTest" name="shouldThrowExceptionWithEmptyMessage"/>
  <testcase time="0.001" classname="org.andreacaldera.rockpaperscissors.data.GameResultTest" name="shouldThrowExceptionWithNullMessage"/>
  <testcase time="0.002" classname="org.andreacaldera.rockpaperscissors.exception.GameExceptionTest" name="shouldCreateExceptionWithException"/>
  <testcase time="0" classname="org.andreacaldera.rockpaperscissors.exception.GameExceptionTest" name="shouldCreateExceptionWithMessage"/>
</testsuite>